Determining if the pthread_create exist failed with the following output:
Change Dir: /home/artpark/ros_ws/kinova_ws/build/j2s6s300_moveit_config/CMakeFiles/CMakeTmp

Run Build Command:"/usr/bin/make" "cmTC_ab9b8/fast"
/usr/bin/make -f CMakeFiles/cmTC_ab9b8.dir/build.make CMakeFiles/cmTC_ab9b8.dir/build
make[1]: Entering directory '/home/artpark/ros_ws/kinova_ws/build/j2s6s300_moveit_config/CMakeFiles/CMakeTmp'
Building C object CMakeFiles/cmTC_ab9b8.dir/CheckSymbolExists.c.o
/usr/bin/cc    -o CMakeFiles/cmTC_ab9b8.dir/CheckSymbolExists.c.o   -c /home/artpark/ros_ws/kinova_ws/build/j2s6s300_moveit_config/CMakeFiles/CMakeTmp/CheckSymbolExists.c
Linking C executable cmTC_ab9b8
/usr/bin/cmake -E cmake_link_script CMakeFiles/cmTC_ab9b8.dir/link.txt --verbose=1
/usr/bin/cc      -rdynamic CMakeFiles/cmTC_ab9b8.dir/CheckSymbolExists.c.o  -o cmTC_ab9b8 
CMakeFiles/cmTC_ab9b8.dir/CheckSymbolExists.c.o: In function `main':
CheckSymbolExists.c:(.text+0x1b): undefined reference to `pthread_create'
collect2: error: ld returned 1 exit status
CMakeFiles/cmTC_ab9b8.dir/build.make:97: recipe for target 'cmTC_ab9b8' failed
make[1]: *** [cmTC_ab9b8] Error 1
make[1]: Leaving directory '/home/artpark/ros_ws/kinova_ws/build/j2s6s300_moveit_config/CMakeFiles/CMakeTmp'
Makefile:126: recipe for target 'cmTC_ab9b8/fast' failed
make: *** [cmTC_ab9b8/fast] Error 2

File /home/artpark/ros_ws/kinova_ws/build/j2s6s300_moveit_config/CMakeFiles/CMakeTmp/CheckSymbolExists.c:
/* */
#include <pthread.h>

int main(int argc, char** argv)
{
  (void)argv;
#ifndef pthread_create
  return ((int*)(&pthread_create))[argc];
#else
  (void)argc;
  return 0;
#endif
}

Determining if the function pthread_create exists in the pthreads failed with the following output:
Change Dir: /home/artpark/ros_ws/kinova_ws/build/j2s6s300_moveit_config/CMakeFiles/CMakeTmp

Run Build Command:"/usr/bin/make" "cmTC_44812/fast"
/usr/bin/make -f CMakeFiles/cmTC_44812.dir/build.make CMakeFiles/cmTC_44812.dir/build
make[1]: Entering directory '/home/artpark/ros_ws/kinova_ws/build/j2s6s300_moveit_config/CMakeFiles/CMakeTmp'
Building C object CMakeFiles/cmTC_44812.dir/CheckFunctionExists.c.o
/usr/bin/cc   -DCHECK_FUNCTION_EXISTS=pthread_create   -o CMakeFiles/cmTC_44812.dir/CheckFunctionExists.c.o   -c /usr/share/cmake-3.10/Modules/CheckFunctionExists.c
Linking C executable cmTC_44812
/usr/bin/cmake -E cmake_link_script CMakeFiles/cmTC_44812.dir/link.txt --verbose=1
/usr/bin/cc  -DCHECK_FUNCTION_EXISTS=pthread_create    -rdynamic CMakeFiles/cmTC_44812.dir/CheckFunctionExists.c.o  -o cmTC_44812 -lpthreads 
/usr/bin/ld: cannot find -lpthreads
collect2: error: ld returned 1 exit status
CMakeFiles/cmTC_44812.dir/build.make:97: recipe for target 'cmTC_44812' failed
make[1]: *** [cmTC_44812] Error 1
make[1]: Leaving directory '/home/artpark/ros_ws/kinova_ws/build/j2s6s300_moveit_config/CMakeFiles/CMakeTmp'
Makefile:126: recipe for target 'cmTC_44812/fast' failed
make: *** [cmTC_44812/fast] Error 2


