Linked: (/home/artpark/ros_ws/kinova_ws/devel/.private/volta_msgs/share/gennodejs/ros/volta_msgs/_index.js, /home/artpark/ros_ws/kinova_ws/devel/share/gennodejs/ros/volta_msgs/_index.js)
Linked: (/home/artpark/ros_ws/kinova_ws/devel/.private/volta_msgs/share/gennodejs/ros/volta_msgs/msg/BMS.js, /home/artpark/ros_ws/kinova_ws/devel/share/gennodejs/ros/volta_msgs/msg/BMS.js)
Linked: (/home/artpark/ros_ws/kinova_ws/devel/.private/volta_msgs/share/gennodejs/ros/volta_msgs/msg/_index.js, /home/artpark/ros_ws/kinova_ws/devel/share/gennodejs/ros/volta_msgs/msg/_index.js)
Linked: (/home/artpark/ros_ws/kinova_ws/devel/.private/volta_msgs/share/gennodejs/ros/volta_msgs/msg/RPM.js, /home/artpark/ros_ws/kinova_ws/devel/share/gennodejs/ros/volta_msgs/msg/RPM.js)
Linked: (/home/artpark/ros_ws/kinova_ws/devel/.private/volta_msgs/share/gennodejs/ros/volta_msgs/msg/Diagnostics.js, /home/artpark/ros_ws/kinova_ws/devel/share/gennodejs/ros/volta_msgs/msg/Diagnostics.js)
Linked: (/home/artpark/ros_ws/kinova_ws/devel/.private/volta_msgs/share/gennodejs/ros/volta_msgs/msg/Table.js, /home/artpark/ros_ws/kinova_ws/devel/share/gennodejs/ros/volta_msgs/msg/Table.js)
Linked: (/home/artpark/ros_ws/kinova_ws/devel/.private/volta_msgs/share/volta_msgs/cmake/volta_msgsConfig.cmake, /home/artpark/ros_ws/kinova_ws/devel/share/volta_msgs/cmake/volta_msgsConfig.cmake)
Linked: (/home/artpark/ros_ws/kinova_ws/devel/.private/volta_msgs/share/volta_msgs/cmake/volta_msgs-msg-extras.cmake, /home/artpark/ros_ws/kinova_ws/devel/share/volta_msgs/cmake/volta_msgs-msg-extras.cmake)
Linked: (/home/artpark/ros_ws/kinova_ws/devel/.private/volta_msgs/share/volta_msgs/cmake/volta_msgs-msg-paths.cmake, /home/artpark/ros_ws/kinova_ws/devel/share/volta_msgs/cmake/volta_msgs-msg-paths.cmake)
Linked: (/home/artpark/ros_ws/kinova_ws/devel/.private/volta_msgs/share/volta_msgs/cmake/volta_msgsConfig-version.cmake, /home/artpark/ros_ws/kinova_ws/devel/share/volta_msgs/cmake/volta_msgsConfig-version.cmake)
Linked: (/home/artpark/ros_ws/kinova_ws/devel/.private/volta_msgs/share/common-lisp/ros/volta_msgs/msg/volta_msgs-msg.asd, /home/artpark/ros_ws/kinova_ws/devel/share/common-lisp/ros/volta_msgs/msg/volta_msgs-msg.asd)
Linked: (/home/artpark/ros_ws/kinova_ws/devel/.private/volta_msgs/share/common-lisp/ros/volta_msgs/msg/RPM.lisp, /home/artpark/ros_ws/kinova_ws/devel/share/common-lisp/ros/volta_msgs/msg/RPM.lisp)
Linked: (/home/artpark/ros_ws/kinova_ws/devel/.private/volta_msgs/share/common-lisp/ros/volta_msgs/msg/BMS.lisp, /home/artpark/ros_ws/kinova_ws/devel/share/common-lisp/ros/volta_msgs/msg/BMS.lisp)
Linked: (/home/artpark/ros_ws/kinova_ws/devel/.private/volta_msgs/share/common-lisp/ros/volta_msgs/msg/_package_Diagnostics.lisp, /home/artpark/ros_ws/kinova_ws/devel/share/common-lisp/ros/volta_msgs/msg/_package_Diagnostics.lisp)
Linked: (/home/artpark/ros_ws/kinova_ws/devel/.private/volta_msgs/share/common-lisp/ros/volta_msgs/msg/_package_Table.lisp, /home/artpark/ros_ws/kinova_ws/devel/share/common-lisp/ros/volta_msgs/msg/_package_Table.lisp)
Linked: (/home/artpark/ros_ws/kinova_ws/devel/.private/volta_msgs/share/common-lisp/ros/volta_msgs/msg/_package_BMS.lisp, /home/artpark/ros_ws/kinova_ws/devel/share/common-lisp/ros/volta_msgs/msg/_package_BMS.lisp)
Linked: (/home/artpark/ros_ws/kinova_ws/devel/.private/volta_msgs/share/common-lisp/ros/volta_msgs/msg/_package.lisp, /home/artpark/ros_ws/kinova_ws/devel/share/common-lisp/ros/volta_msgs/msg/_package.lisp)
Linked: (/home/artpark/ros_ws/kinova_ws/devel/.private/volta_msgs/share/common-lisp/ros/volta_msgs/msg/Table.lisp, /home/artpark/ros_ws/kinova_ws/devel/share/common-lisp/ros/volta_msgs/msg/Table.lisp)
Linked: (/home/artpark/ros_ws/kinova_ws/devel/.private/volta_msgs/share/common-lisp/ros/volta_msgs/msg/_package_RPM.lisp, /home/artpark/ros_ws/kinova_ws/devel/share/common-lisp/ros/volta_msgs/msg/_package_RPM.lisp)
Linked: (/home/artpark/ros_ws/kinova_ws/devel/.private/volta_msgs/share/common-lisp/ros/volta_msgs/msg/Diagnostics.lisp, /home/artpark/ros_ws/kinova_ws/devel/share/common-lisp/ros/volta_msgs/msg/Diagnostics.lisp)
Linked: (/home/artpark/ros_ws/kinova_ws/devel/.private/volta_msgs/share/roseus/ros/volta_msgs/manifest.l, /home/artpark/ros_ws/kinova_ws/devel/share/roseus/ros/volta_msgs/manifest.l)
Linked: (/home/artpark/ros_ws/kinova_ws/devel/.private/volta_msgs/share/roseus/ros/volta_msgs/msg/BMS.l, /home/artpark/ros_ws/kinova_ws/devel/share/roseus/ros/volta_msgs/msg/BMS.l)
Linked: (/home/artpark/ros_ws/kinova_ws/devel/.private/volta_msgs/share/roseus/ros/volta_msgs/msg/Diagnostics.l, /home/artpark/ros_ws/kinova_ws/devel/share/roseus/ros/volta_msgs/msg/Diagnostics.l)
Linked: (/home/artpark/ros_ws/kinova_ws/devel/.private/volta_msgs/share/roseus/ros/volta_msgs/msg/RPM.l, /home/artpark/ros_ws/kinova_ws/devel/share/roseus/ros/volta_msgs/msg/RPM.l)
Linked: (/home/artpark/ros_ws/kinova_ws/devel/.private/volta_msgs/share/roseus/ros/volta_msgs/msg/Table.l, /home/artpark/ros_ws/kinova_ws/devel/share/roseus/ros/volta_msgs/msg/Table.l)
Linked: (/home/artpark/ros_ws/kinova_ws/devel/.private/volta_msgs/lib/python2.7/dist-packages/volta_msgs/__init__.py, /home/artpark/ros_ws/kinova_ws/devel/lib/python2.7/dist-packages/volta_msgs/__init__.py)
Linked: (/home/artpark/ros_ws/kinova_ws/devel/.private/volta_msgs/lib/python2.7/dist-packages/volta_msgs/msg/_RPM.py, /home/artpark/ros_ws/kinova_ws/devel/lib/python2.7/dist-packages/volta_msgs/msg/_RPM.py)
Linked: (/home/artpark/ros_ws/kinova_ws/devel/.private/volta_msgs/lib/python2.7/dist-packages/volta_msgs/msg/_BMS.py, /home/artpark/ros_ws/kinova_ws/devel/lib/python2.7/dist-packages/volta_msgs/msg/_BMS.py)
Linked: (/home/artpark/ros_ws/kinova_ws/devel/.private/volta_msgs/lib/python2.7/dist-packages/volta_msgs/msg/__init__.py, /home/artpark/ros_ws/kinova_ws/devel/lib/python2.7/dist-packages/volta_msgs/msg/__init__.py)
Linked: (/home/artpark/ros_ws/kinova_ws/devel/.private/volta_msgs/lib/python2.7/dist-packages/volta_msgs/msg/_Diagnostics.py, /home/artpark/ros_ws/kinova_ws/devel/lib/python2.7/dist-packages/volta_msgs/msg/_Diagnostics.py)
Linked: (/home/artpark/ros_ws/kinova_ws/devel/.private/volta_msgs/lib/python2.7/dist-packages/volta_msgs/msg/_Table.py, /home/artpark/ros_ws/kinova_ws/devel/lib/python2.7/dist-packages/volta_msgs/msg/_Table.py)
Linked: (/home/artpark/ros_ws/kinova_ws/devel/.private/volta_msgs/lib/pkgconfig/volta_msgs.pc, /home/artpark/ros_ws/kinova_ws/devel/lib/pkgconfig/volta_msgs.pc)
Linked: (/home/artpark/ros_ws/kinova_ws/devel/.private/volta_msgs/include/volta_msgs/BMS.h, /home/artpark/ros_ws/kinova_ws/devel/include/volta_msgs/BMS.h)
Linked: (/home/artpark/ros_ws/kinova_ws/devel/.private/volta_msgs/include/volta_msgs/Diagnostics.h, /home/artpark/ros_ws/kinova_ws/devel/include/volta_msgs/Diagnostics.h)
Linked: (/home/artpark/ros_ws/kinova_ws/devel/.private/volta_msgs/include/volta_msgs/RPM.h, /home/artpark/ros_ws/kinova_ws/devel/include/volta_msgs/RPM.h)
Linked: (/home/artpark/ros_ws/kinova_ws/devel/.private/volta_msgs/include/volta_msgs/Table.h, /home/artpark/ros_ws/kinova_ws/devel/include/volta_msgs/Table.h)
