Symlinking /home/artpark/ros_ws/kinova_ws/devel/share/gennodejs/ros/volta_msgs/_index.js
Symlinking /home/artpark/ros_ws/kinova_ws/devel/share/gennodejs/ros/volta_msgs/msg/BMS.js
Symlinking /home/artpark/ros_ws/kinova_ws/devel/share/gennodejs/ros/volta_msgs/msg/_index.js
Symlinking /home/artpark/ros_ws/kinova_ws/devel/share/gennodejs/ros/volta_msgs/msg/RPM.js
Symlinking /home/artpark/ros_ws/kinova_ws/devel/share/gennodejs/ros/volta_msgs/msg/Diagnostics.js
Symlinking /home/artpark/ros_ws/kinova_ws/devel/share/gennodejs/ros/volta_msgs/msg/Table.js
Symlinking /home/artpark/ros_ws/kinova_ws/devel/share/volta_msgs/cmake/volta_msgsConfig.cmake
Symlinking /home/artpark/ros_ws/kinova_ws/devel/share/volta_msgs/cmake/volta_msgs-msg-extras.cmake
Symlinking /home/artpark/ros_ws/kinova_ws/devel/share/volta_msgs/cmake/volta_msgs-msg-paths.cmake
Symlinking /home/artpark/ros_ws/kinova_ws/devel/share/volta_msgs/cmake/volta_msgsConfig-version.cmake
Symlinking /home/artpark/ros_ws/kinova_ws/devel/share/common-lisp/ros/volta_msgs/msg/volta_msgs-msg.asd
Symlinking /home/artpark/ros_ws/kinova_ws/devel/share/common-lisp/ros/volta_msgs/msg/RPM.lisp
Symlinking /home/artpark/ros_ws/kinova_ws/devel/share/common-lisp/ros/volta_msgs/msg/BMS.lisp
Symlinking /home/artpark/ros_ws/kinova_ws/devel/share/common-lisp/ros/volta_msgs/msg/_package_Diagnostics.lisp
Symlinking /home/artpark/ros_ws/kinova_ws/devel/share/common-lisp/ros/volta_msgs/msg/_package_Table.lisp
Symlinking /home/artpark/ros_ws/kinova_ws/devel/share/common-lisp/ros/volta_msgs/msg/_package_BMS.lisp
Symlinking /home/artpark/ros_ws/kinova_ws/devel/share/common-lisp/ros/volta_msgs/msg/_package.lisp
Symlinking /home/artpark/ros_ws/kinova_ws/devel/share/common-lisp/ros/volta_msgs/msg/Table.lisp
Symlinking /home/artpark/ros_ws/kinova_ws/devel/share/common-lisp/ros/volta_msgs/msg/_package_RPM.lisp
Symlinking /home/artpark/ros_ws/kinova_ws/devel/share/common-lisp/ros/volta_msgs/msg/Diagnostics.lisp
Symlinking /home/artpark/ros_ws/kinova_ws/devel/share/roseus/ros/volta_msgs/manifest.l
Symlinking /home/artpark/ros_ws/kinova_ws/devel/share/roseus/ros/volta_msgs/msg/BMS.l
Symlinking /home/artpark/ros_ws/kinova_ws/devel/share/roseus/ros/volta_msgs/msg/Diagnostics.l
Symlinking /home/artpark/ros_ws/kinova_ws/devel/share/roseus/ros/volta_msgs/msg/RPM.l
Symlinking /home/artpark/ros_ws/kinova_ws/devel/share/roseus/ros/volta_msgs/msg/Table.l
Symlinking /home/artpark/ros_ws/kinova_ws/devel/lib/python2.7/dist-packages/volta_msgs/__init__.py
Symlinking /home/artpark/ros_ws/kinova_ws/devel/lib/python2.7/dist-packages/volta_msgs/msg/_RPM.py
Symlinking /home/artpark/ros_ws/kinova_ws/devel/lib/python2.7/dist-packages/volta_msgs/msg/_BMS.py
Symlinking /home/artpark/ros_ws/kinova_ws/devel/lib/python2.7/dist-packages/volta_msgs/msg/__init__.py
Symlinking /home/artpark/ros_ws/kinova_ws/devel/lib/python2.7/dist-packages/volta_msgs/msg/_Diagnostics.py
Symlinking /home/artpark/ros_ws/kinova_ws/devel/lib/python2.7/dist-packages/volta_msgs/msg/_Table.py
Symlinking /home/artpark/ros_ws/kinova_ws/devel/lib/pkgconfig/volta_msgs.pc
Symlinking /home/artpark/ros_ws/kinova_ws/devel/include/volta_msgs/BMS.h
Symlinking /home/artpark/ros_ws/kinova_ws/devel/include/volta_msgs/Diagnostics.h
Symlinking /home/artpark/ros_ws/kinova_ws/devel/include/volta_msgs/RPM.h
Symlinking /home/artpark/ros_ws/kinova_ws/devel/include/volta_msgs/Table.h
