[35m[1mScanning dependencies of target _volta_msgs_generate_messages_check_deps_Diagnostics[0m
[35m[1mScanning dependencies of target std_msgs_generate_messages_nodejs[0m
[35m[1mScanning dependencies of target std_msgs_generate_messages_lisp[0m
[35m[1mScanning dependencies of target std_msgs_generate_messages_eus[0m
[35m[1mScanning dependencies of target std_msgs_generate_messages_py[0m
[35m[1mScanning dependencies of target std_msgs_generate_messages_cpp[0m
[35m[1mScanning dependencies of target _volta_msgs_generate_messages_check_deps_BMS[0m
[35m[1mScanning dependencies of target _volta_msgs_generate_messages_check_deps_Table[0m
[35m[1mScanning dependencies of target _volta_msgs_generate_messages_check_deps_RPM[0m
[  0%] Built target std_msgs_generate_messages_nodejs
[  0%] Built target std_msgs_generate_messages_lisp
[  0%] Built target std_msgs_generate_messages_cpp
[  0%] Built target std_msgs_generate_messages_eus
[  0%] Built target std_msgs_generate_messages_py
[  0%] Built target _volta_msgs_generate_messages_check_deps_Diagnostics
[  0%] Built target _volta_msgs_generate_messages_check_deps_BMS
[  0%] Built target _volta_msgs_generate_messages_check_deps_RPM
[  0%] Built target _volta_msgs_generate_messages_check_deps_Table
[35m[1mScanning dependencies of target volta_msgs_generate_messages_eus[0m
[35m[1mScanning dependencies of target volta_msgs_generate_messages_py[0m
[35m[1mScanning dependencies of target volta_msgs_generate_messages_nodejs[0m
[35m[1mScanning dependencies of target volta_msgs_generate_messages_cpp[0m
[  4%] [34m[1mGenerating EusLisp code from volta_msgs/RPM.msg[0m
[  9%] [34m[1mGenerating EusLisp code from volta_msgs/Diagnostics.msg[0m
[35m[1mScanning dependencies of target volta_msgs_generate_messages_lisp[0m
[ 13%] [34m[1mGenerating EusLisp code from volta_msgs/BMS.msg[0m
[ 18%] [34m[1mGenerating EusLisp code from volta_msgs/Table.msg[0m
[ 22%] [34m[1mGenerating EusLisp manifest code for volta_msgs[0m
[ 27%] [34m[1mGenerating Python from MSG volta_msgs/RPM[0m
[ 31%] [34m[1mGenerating Javascript code from volta_msgs/Table.msg[0m
[ 36%] [34m[1mGenerating Javascript code from volta_msgs/RPM.msg[0m
[ 40%] [34m[1mGenerating Javascript code from volta_msgs/Diagnostics.msg[0m
[ 45%] [34m[1mGenerating Javascript code from volta_msgs/BMS.msg[0m
[ 59%] [34m[1mGenerating Python from MSG volta_msgs/Table[0m
[ 59%] [34m[1mGenerating Python from MSG volta_msgs/Diagnostics[0m
[ 59%] [34m[1mGenerating Python from MSG volta_msgs/BMS[0m
[ 63%] [34m[1mGenerating C++ code from volta_msgs/RPM.msg[0m
[ 68%] [34m[1mGenerating C++ code from volta_msgs/Diagnostics.msg[0m
[ 72%] [34m[1mGenerating C++ code from volta_msgs/Table.msg[0m
[ 77%] [34m[1mGenerating Lisp code from volta_msgs/Diagnostics.msg[0m
[ 81%] [34m[1mGenerating Lisp code from volta_msgs/RPM.msg[0m
[ 86%] [34m[1mGenerating Lisp code from volta_msgs/Table.msg[0m
[ 90%] [34m[1mGenerating Lisp code from volta_msgs/BMS.msg[0m
[ 95%] [34m[1mGenerating C++ code from volta_msgs/BMS.msg[0m
[ 95%] Built target volta_msgs_generate_messages_nodejs
[ 95%] Built target volta_msgs_generate_messages_lisp
[100%] [34m[1mGenerating Python msg __init__.py for volta_msgs[0m
[100%] Built target volta_msgs_generate_messages_cpp
[100%] Built target volta_msgs_generate_messages_py
[100%] Built target volta_msgs_generate_messages_eus
[35m[1mScanning dependencies of target volta_msgs_generate_messages[0m
[100%] Built target volta_msgs_generate_messages
