Determining if the pthread_create exist failed with the following output:
Change Dir: /home/artpark/ros_ws/kinova_ws/build/twist_mux/CMakeFiles/CMakeTmp

Run Build Command:"/usr/bin/make" "cmTC_2e6ee/fast"
/usr/bin/make -f CMakeFiles/cmTC_2e6ee.dir/build.make CMakeFiles/cmTC_2e6ee.dir/build
make[1]: Entering directory '/home/artpark/ros_ws/kinova_ws/build/twist_mux/CMakeFiles/CMakeTmp'
Building C object CMakeFiles/cmTC_2e6ee.dir/CheckSymbolExists.c.o
/usr/bin/cc    -o CMakeFiles/cmTC_2e6ee.dir/CheckSymbolExists.c.o   -c /home/artpark/ros_ws/kinova_ws/build/twist_mux/CMakeFiles/CMakeTmp/CheckSymbolExists.c
Linking C executable cmTC_2e6ee
/usr/bin/cmake -E cmake_link_script CMakeFiles/cmTC_2e6ee.dir/link.txt --verbose=1
/usr/bin/cc      -rdynamic CMakeFiles/cmTC_2e6ee.dir/CheckSymbolExists.c.o  -o cmTC_2e6ee 
CMakeFiles/cmTC_2e6ee.dir/CheckSymbolExists.c.o: In function `main':
CheckSymbolExists.c:(.text+0x1b): undefined reference to `pthread_create'
collect2: error: ld returned 1 exit status
CMakeFiles/cmTC_2e6ee.dir/build.make:97: recipe for target 'cmTC_2e6ee' failed
make[1]: *** [cmTC_2e6ee] Error 1
make[1]: Leaving directory '/home/artpark/ros_ws/kinova_ws/build/twist_mux/CMakeFiles/CMakeTmp'
Makefile:126: recipe for target 'cmTC_2e6ee/fast' failed
make: *** [cmTC_2e6ee/fast] Error 2

File /home/artpark/ros_ws/kinova_ws/build/twist_mux/CMakeFiles/CMakeTmp/CheckSymbolExists.c:
/* */
#include <pthread.h>

int main(int argc, char** argv)
{
  (void)argv;
#ifndef pthread_create
  return ((int*)(&pthread_create))[argc];
#else
  (void)argc;
  return 0;
#endif
}

Determining if the function pthread_create exists in the pthreads failed with the following output:
Change Dir: /home/artpark/ros_ws/kinova_ws/build/twist_mux/CMakeFiles/CMakeTmp

Run Build Command:"/usr/bin/make" "cmTC_43a4c/fast"
/usr/bin/make -f CMakeFiles/cmTC_43a4c.dir/build.make CMakeFiles/cmTC_43a4c.dir/build
make[1]: Entering directory '/home/artpark/ros_ws/kinova_ws/build/twist_mux/CMakeFiles/CMakeTmp'
Building C object CMakeFiles/cmTC_43a4c.dir/CheckFunctionExists.c.o
/usr/bin/cc   -DCHECK_FUNCTION_EXISTS=pthread_create   -o CMakeFiles/cmTC_43a4c.dir/CheckFunctionExists.c.o   -c /usr/share/cmake-3.10/Modules/CheckFunctionExists.c
Linking C executable cmTC_43a4c
/usr/bin/cmake -E cmake_link_script CMakeFiles/cmTC_43a4c.dir/link.txt --verbose=1
/usr/bin/cc  -DCHECK_FUNCTION_EXISTS=pthread_create    -rdynamic CMakeFiles/cmTC_43a4c.dir/CheckFunctionExists.c.o  -o cmTC_43a4c -lpthreads 
/usr/bin/ld: cannot find -lpthreads
collect2: error: ld returned 1 exit status
CMakeFiles/cmTC_43a4c.dir/build.make:97: recipe for target 'cmTC_43a4c' failed
make[1]: *** [cmTC_43a4c] Error 1
make[1]: Leaving directory '/home/artpark/ros_ws/kinova_ws/build/twist_mux/CMakeFiles/CMakeTmp'
Makefile:126: recipe for target 'cmTC_43a4c/fast' failed
make: *** [cmTC_43a4c/fast] Error 2


