[  0%] Built target std_msgs_generate_messages_eus
[  0%] Built target geographic_msgs_generate_messages_nodejs
[  0%] Built target geographic_msgs_generate_messages_cpp
[  0%] Built target geometry_msgs_generate_messages_nodejs
[  0%] Built target geographic_msgs_generate_messages_py
[  0%] Built target geometry_msgs_generate_messages_cpp
[  0%] Built target geographic_msgs_generate_messages_lisp
[  0%] Built target std_msgs_generate_messages_py
[  0%] Built target std_msgs_generate_messages_lisp
[  0%] Built target geometry_msgs_generate_messages_lisp
[  0%] Built target geometry_msgs_generate_messages_py
[  0%] Built target std_msgs_generate_messages_cpp
[  0%] Built target std_msgs_generate_messages_nodejs
[  3%] Built target filter_utilities
[  6%] Built target test_ros_robot_localization_listener_publisher
[  6%] Built target geographic_msgs_generate_messages_eus
[  6%] Built target geometry_msgs_generate_messages_eus
[  9%] Built target ros_filter_utilities
[  9%] Built target _robot_localization_generate_messages_check_deps_SetDatum
[  9%] Built target _robot_localization_generate_messages_check_deps_FromLL
[  9%] Built target _robot_localization_generate_messages_check_deps_ToggleFilterProcessing
[  9%] Built target _robot_localization_generate_messages_check_deps_GetState
[  9%] Built target _robot_localization_generate_messages_check_deps_ToLL
[  9%] Built target _robot_localization_generate_messages_check_deps_SetPose
[ 18%] Built target robot_localization_generate_messages_lisp
[ 26%] Built target robot_localization_generate_messages_cpp
[ 36%] Built target robot_localization_generate_messages_nodejs
[ 45%] Built target robot_localization_generate_messages_py
[ 57%] Built target robot_localization_generate_messages_eus
[ 57%] Built target robot_localization_gencpp
[ 57%] Built target robot_localization_generate_messages
[ 60%] Built target filter_base
[ 62%] Built target navsat_transform
[ 65%] Built target ukf
[ 67%] Built target ekf
[ 70%] Built target navsat_transform_nodelet
[ 73%] Built target navsat_transform_node
[ 77%] Built target robot_localization_estimator
[ 80%] Built target ros_filter
[ 83%] Built target ros_robot_localization_listener
[ 86%] Built target ukf_localization_node
[ 90%] Built target ekf_localization_node
[ 93%] Built target ukf_localization_nodelet
[ 96%] Built target ekf_localization_nodelet
[100%] Built target robot_localization_listener_node
